# JRE version: OpenJDK Runtime Environment (8.0_265-b01) (build 1.8.0_265-b01)
# Java VM: OpenJDK 64-Bit Server VM (25.265-b01 mixed mode linux-amd64 compressed oops)
Heap:
 PSYoungGen      total 738304K, used 738254K [0x0000000780000000, 0x00000007b7500000, 0x00000007c0000000)
  eden space 683008K, 100% used [0x0000000780000000,0x00000007a9b00000,0x00000007a9b00000)
  from space 55296K, 99% used [0x00000007ab380000,0x00000007ae973bf0,0x00000007ae980000)
  to   space 111616K, 28% used [0x00000007b0800000,0x00000007b26e3998,0x00000007b7500000)
 ParOldGen       total 2097152K, used 683133K [0x0000000700000000, 0x0000000780000000, 0x0000000780000000)
  object space 2097152K, 32% used [0x0000000700000000,0x0000000729b1f698,0x0000000780000000)
 Metaspace       used 118343K, capacity 123162K, committed 123432K, reserved 1157120K
  class space    used 15062K, capacity 16100K, committed 16168K, reserved 1048576K
GC Heap History (10 events):
Event: 19171,770 GC heap after
Heap after GC invocations=73 (full 6):
 PSYoungGen      total 823296K, used 64154K [0x0000000780000000, 0x00000007bd200000, 0x00000007c0000000)
  eden space 758784K, 0% used [0x0000000780000000,0x0000000780000000,0x00000007ae500000)
  from space 64512K, 99% used [0x00000007b0100000,0x00000007b3fa69d8,0x00000007b4000000)
  to   space 121344K, 0% used [0x00000007b5b80000,0x00000007b5b80000,0x00000007bd200000)
 ParOldGen       total 933888K, used 664698K [0x0000000700000000, 0x0000000739000000, 0x0000000780000000)
  object space 933888K, 71% used [0x0000000700000000,0x000000072891ea60,0x0000000739000000)
 Metaspace       used 114160K, capacity 118880K, committed 119080K, reserved 1153024K
  class space    used 14531K, capacity 15537K, committed 15656K, reserved 1048576K
}
Event: 19175,073 GC heap before
{Heap before GC invocations=74 (full 6):
 PSYoungGen      total 823296K, used 822844K [0x0000000780000000, 0x00000007bd200000, 0x00000007c0000000)
  eden space 758784K, 99% used [0x0000000780000000,0x00000007ae4e87d0,0x00000007ae500000)
  from space 64512K, 99% used [0x00000007b0100000,0x00000007b3fa69d8,0x00000007b4000000)
  to   space 121344K, 0% used [0x00000007b5b80000,0x00000007b5b80000,0x00000007bd200000)
 ParOldGen       total 933888K, used 664698K [0x0000000700000000, 0x0000000739000000, 0x0000000780000000)
  object space 933888K, 71% used [0x0000000700000000,0x000000072891ea60,0x0000000739000000)
 Metaspace       used 118224K, capacity 123028K, committed 123176K, reserved 1157120K
  class space    used 15060K, capacity 16099K, committed 16168K, reserved 1048576K
Event: 19175,128 GC heap after
Heap after GC invocations=74 (full 6):
 PSYoungGen      total 883200K, used 75317K [0x0000000780000000, 0x00000007bec00000, 0x00000007c0000000)
  eden space 761856K, 0% used [0x0000000780000000,0x0000000780000000,0x00000007ae800000)
  from space 121344K, 62% used [0x00000007b5b80000,0x00000007ba50d690,0x00000007bd200000)
  to   space 118272K, 0% used [0x00000007ae800000,0x00000007ae800000,0x00000007b5b80000)
 ParOldGen       total 933888K, used 675230K [0x0000000700000000, 0x0000000739000000, 0x0000000780000000)
  object space 933888K, 72% used [0x0000000700000000,0x0000000729367af0,0x0000000739000000)
 Metaspace       used 118224K, capacity 123028K, committed 123176K, reserved 1157120K
  class space    used 15060K, capacity 16099K, committed 16168K, reserved 1048576K
}
Event: 19408,093 GC heap before
{Heap before GC invocations=75 (full 6):
 PSYoungGen      total 883200K, used 829642K [0x0000000780000000, 0x00000007bec00000, 0x00000007c0000000)
  eden space 761856K, 99% used [0x0000000780000000,0x00000007ae0a5270,0x00000007ae800000)
  from space 121344K, 62% used [0x00000007b5b80000,0x00000007ba50d690,0x00000007bd200000)
  to   space 118272K, 0% used [0x00000007ae800000,0x00000007ae800000,0x00000007b5b80000)
 ParOldGen       total 933888K, used 675230K [0x0000000700000000, 0x0000000739000000, 0x0000000780000000)
  object space 933888K, 72% used [0x0000000700000000,0x0000000729367af0,0x0000000739000000)
 Metaspace       used 118247K, capacity 123092K, committed 123432K, reserved 1157120K
  class space    used 15060K, capacity 16099K, committed 16168K, reserved 1048576K
Event: 19408,130 GC heap after
Heap after GC invocations=75 (full 6):
 PSYoungGen      total 795648K, used 61221K [0x0000000780000000, 0x00000007bae00000, 0x00000007c0000000)
  eden space 734208K, 0% used [0x0000000780000000,0x0000000780000000,0x00000007acd00000)
  from space 61440K, 99% used [0x00000007ae800000,0x00000007b23c9570,0x00000007b2400000)
  to   space 115200K, 0% used [0x00000007b3d80000,0x00000007b3d80000,0x00000007bae00000)
 ParOldGen       total 933888K, used 675670K [0x0000000700000000, 0x0000000739000000, 0x0000000780000000)
  object space 933888K, 72% used [0x0000000700000000,0x00000007293d5af0,0x0000000739000000)
 Metaspace       used 118247K, capacity 123092K, committed 123432K, reserved 1157120K
  class space    used 15060K, capacity 16099K, committed 16168K, reserved 1048576K
}
Event: 19411,175 GC heap before
{Heap before GC invocations=76 (full 6):
 PSYoungGen      total 795648K, used 795353K [0x0000000780000000, 0x00000007bae00000, 0x00000007c0000000)
  eden space 734208K, 99% used [0x0000000780000000,0x00000007acced0c8,0x00000007acd00000)
  from space 61440K, 99% used [0x00000007ae800000,0x00000007b23c9570,0x00000007b2400000)
  to   space 115200K, 0% used [0x00000007b3d80000,0x00000007b3d80000,0x00000007bae00000)
 ParOldGen       total 933888K, used 675670K [0x0000000700000000, 0x0000000739000000, 0x0000000780000000)
  object space 933888K, 72% used [0x0000000700000000,0x00000007293d5af0,0x0000000739000000)
 Metaspace       used 118310K, capacity 123092K, committed 123432K, reserved 1157120K
  class space    used 15060K, capacity 16099K, committed 16168K, reserved 1048576K
Event: 19411,208 GC heap after
Heap after GC invocations=76 (full 6):
 PSYoungGen      total 795136K, used 48038K [0x0000000780000000, 0x00000007b9280000, 0x00000007c0000000)
  eden space 708096K, 0% used [0x0000000780000000,0x0000000780000000,0x00000007ab380000)
  from space 87040K, 55% used [0x00000007b3d80000,0x00000007b6c69a80,0x00000007b9280000)
  to   space 114176K, 0% used [0x00000007ab380000,0x00000007ab380000,0x00000007b2300000)
 ParOldGen       total 933888K, used 683085K [0x0000000700000000, 0x0000000739000000, 0x0000000780000000)
  object space 933888K, 73% used [0x0000000700000000,0x0000000729b13698,0x0000000739000000)
 Metaspace       used 118310K, capacity 123092K, committed 123432K, reserved 1157120K
  class space    used 15060K, capacity 16099K, committed 16168K, reserved 1048576K
}
Event: 19413,405 GC heap before
{Heap before GC invocations=77 (full 6):
 PSYoungGen      total 795136K, used 750844K [0x0000000780000000, 0x00000007b9280000, 0x00000007c0000000)
  eden space 708096K, 99% used [0x0000000780000000,0x00000007aae555c8,0x00000007ab380000)
  from space 87040K, 55% used [0x00000007b3d80000,0x00000007b6c69a80,0x00000007b9280000)
  to   space 114176K, 0% used [0x00000007ab380000,0x00000007ab380000,0x00000007b2300000)
 ParOldGen       total 933888K, used 683085K [0x0000000700000000, 0x0000000739000000, 0x0000000780000000)
  object space 933888K, 73% used [0x0000000700000000,0x0000000729b13698,0x0000000739000000)
 Metaspace       used 118315K, capacity 123156K, committed 123432K, reserved 1157120K
  class space    used 15060K, capacity 16099K, committed 16168K, reserved 1048576K
Event: 19413,433 GC heap after
Heap after GC invocations=77 (full 6):
 PSYoungGen      total 738304K, used 55246K [0x0000000780000000, 0x00000007b7500000, 0x00000007c0000000)
  eden space 683008K, 0% used [0x0000000780000000,0x0000000780000000,0x00000007a9b00000)
  from space 55296K, 99% used [0x00000007ab380000,0x00000007ae973bf0,0x00000007ae980000)
  to   space 111616K, 0% used [0x00000007b0800000,0x00000007b0800000,0x00000007b7500000)
 ParOldGen       total 933888K, used 683109K [0x0000000700000000, 0x0000000739000000, 0x0000000780000000)
  object space 933888K, 73% used [0x0000000700000000,0x0000000729b19698,0x0000000739000000)
 Metaspace       used 118315K, capacity 123156K, committed 123432K, reserved 1157120K
  class space    used 15060K, capacity 16099K, committed 16168K, reserved 1048576K
}
Event: 20553,915 GC heap before
{Heap before GC invocations=78 (full 6):
 PSYoungGen      total 738304K, used 738254K [0x0000000780000000, 0x00000007b7500000, 0x00000007c0000000)
  eden space 683008K, 100% used [0x0000000780000000,0x00000007a9b00000,0x00000007a9b00000)
  from space 55296K, 99% used [0x00000007ab380000,0x00000007ae973bf0,0x00000007ae980000)
  to   space 111616K, 0% used [0x00000007b0800000,0x00000007b0800000,0x00000007b7500000)
 ParOldGen       total 933888K, used 683109K [0x0000000700000000, 0x0000000739000000, 0x0000000780000000)
  object space 933888K, 73% used [0x0000000700000000,0x0000000729b19698,0x0000000739000000)
 Metaspace       used 118343K, capacity 123162K, committed 123432K, reserved 1157120K
  class space    used 15062K, capacity 16100K, committed 16168K, reserved 1048576K

